<?xml version="1.0" encoding="UTF-8" ?>
<testsuite tests="4" failures="0" name="com.google.sps.AccessibleCustomersTest" time="0.09" errors="0" skipped="0">
  <properties>
[...]
</properties>
  <testcase classname="com.google.sps.AccessibleCustomersTest" name="buildAccountHierarchy2" time="0.086"/>
  <testcase classname="com.google.sps.AccessibleCustomersTest" name="buildAccountHierarchy1" time="0.001"/>
  <testcase classname="com.google.sps.AccessibleCustomersTest" name="buildAccountHierarchy3" time="0.001"/>
  <testcase classname="com.google.sps.AccessibleCustomersTest" name="buildAccountHierarchy4" time="0.002"/>
</testsuite>