{"/home/samcarlos/step-react-ads/client/src/setupTests.js": {"path":"/home/samcarlos/step-react-ads/client/src/setupTests.js","statementMap":{},"fnMap":{},"branchMap":{},"s":{},"f":{},"b":{},"hash":"4d67b0c4a8f5ce8f40a67ccf64a872a9a16f46d3"}
,"/home/samcarlos/step-react-ads/client/src/Dashboard/Dashboard.js": {"path":"/home/samcarlos/step-react-ads/client/src/Dashboard/Dashboard.js","statementMap":{"0":{"start":{"line":24,"column":15},"end":{"line":24,"column":41}},"1":{"start":{"line":27,"column":18},"end":{"line":27,"column":26}},"2":{"start":{"line":28,"column":2},"end":{"line":41,"column":4}}},"fnMap":{"0":{"name":"Dashboard","decl":{"start":{"line":26,"column":24},"end":{"line":26,"column":33}},"loc":{"start":{"line":26,"column":36},"end":{"line":42,"column":1}},"line":26}},"branchMap":{},"s":{"0":1,"1":1,"2":1},"f":{"0":1},"b":{},"_coverageSchema":"43e27e138ebf9cfc5966b082cf9a028302ed4184","hash":"6a618c89af25a3f9e652d601b43758ce05fb6831"}
,"/home/samcarlos/step-react-ads/client/src/Dashboard/AppBarWithDrawer/AppBarWithDrawer.js": {"path":"/home/samcarlos/step-react-ads/client/src/Dashboard/AppBarWithDrawer/AppBarWithDrawer.js","statementMap":{"0":{"start":{"line":35,"column":15},"end":{"line":35,"column":41}},"1":{"start":{"line":38,"column":18},"end":{"line":38,"column":26}},"2":{"start":{"line":39,"column":26},"end":{"line":39,"column":46}},"3":{"start":{"line":40,"column":27},"end":{"line":42,"column":3}},"4":{"start":{"line":41,"column":4},"end":{"line":41,"column":18}},"5":{"start":{"line":43,"column":28},"end":{"line":45,"column":3}},"6":{"start":{"line":44,"column":4},"end":{"line":44,"column":19}},"7":{"start":{"line":46,"column":2},"end":{"line":98,"column":4}}},"fnMap":{"0":{"name":"AppBarWithDrawer","decl":{"start":{"line":37,"column":24},"end":{"line":37,"column":40}},"loc":{"start":{"line":37,"column":48},"end":{"line":99,"column":1}},"line":37},"1":{"name":"(anonymous_1)","decl":{"start":{"line":40,"column":27},"end":{"line":40,"column":28}},"loc":{"start":{"line":40,"column":33},"end":{"line":42,"column":3}},"line":40},"2":{"name":"(anonymous_2)","decl":{"start":{"line":43,"column":28},"end":{"line":43,"column":29}},"loc":{"start":{"line":43,"column":34},"end":{"line":45,"column":3}},"line":43}},"branchMap":{"0":{"loc":{"start":{"line":50,"column":40},"end":{"line":50,"column":67}},"type":"binary-expr","locations":[{"start":{"line":50,"column":40},"end":{"line":50,"column":44}},{"start":{"line":50,"column":48},"end":{"line":50,"column":67}}],"line":50},"1":{"loc":{"start":{"line":60,"column":14},"end":{"line":60,"column":46}},"type":"binary-expr","locations":[{"start":{"line":60,"column":14},"end":{"line":60,"column":18}},{"start":{"line":60,"column":22},"end":{"line":60,"column":46}}],"line":60},"2":{"loc":{"start":{"line":85,"column":43},"end":{"line":85,"column":76}},"type":"binary-expr","locations":[{"start":{"line":85,"column":43},"end":{"line":85,"column":48}},{"start":{"line":85,"column":52},"end":{"line":85,"column":76}}],"line":85}},"s":{"0":2,"1":6,"2":6,"3":6,"4":1,"5":6,"6":2,"7":6},"f":{"0":6,"1":1,"2":2},"b":{"0":[6,4],"1":[6,4],"2":[6,2]},"_coverageSchema":"43e27e138ebf9cfc5966b082cf9a028302ed4184","hash":"93396bc30aade9badde8766844498ff2c3363c92"}
,"/home/samcarlos/step-react-ads/client/src/Dashboard/AppBarWithDrawer/DrawerItems.js": {"path":"/home/samcarlos/step-react-ads/client/src/Dashboard/AppBarWithDrawer/DrawerItems.js","statementMap":{"0":{"start":{"line":23,"column":26},"end":{"line":30,"column":1}},"1":{"start":{"line":24,"column":2},"end":{"line":29,"column":4}},"2":{"start":{"line":32,"column":26},"end":{"line":34,"column":1}},"3":{"start":{"line":33,"column":2},"end":{"line":33,"column":52}},"4":{"start":{"line":36,"column":27},"end":{"line":36,"column":59}}},"fnMap":{"0":{"name":"(anonymous_0)","decl":{"start":{"line":23,"column":26},"end":{"line":23,"column":27}},"loc":{"start":{"line":23,"column":36},"end":{"line":30,"column":1}},"line":23},"1":{"name":"(anonymous_1)","decl":{"start":{"line":32,"column":26},"end":{"line":32,"column":27}},"loc":{"start":{"line":32,"column":32},"end":{"line":34,"column":1}},"line":32}},"branchMap":{},"s":{"0":3,"1":9,"2":3,"3":3,"4":3},"f":{"0":9,"1":3},"b":{},"_coverageSchema":"43e27e138ebf9cfc5966b082cf9a028302ed4184","hash":"85563d8579a4bf76e5451023a646fdc6cfef2f28"}
,"/home/samcarlos/step-react-ads/client/src/Dashboard/PageComponents/PageRouter.js": {"path":"/home/samcarlos/step-react-ads/client/src/Dashboard/PageComponents/PageRouter.js","statementMap":{"0":{"start":{"line":20,"column":35},"end":{"line":26,"column":1}},"1":{"start":{"line":21,"column":2},"end":{"line":25,"column":4}},"2":{"start":{"line":28,"column":23},"end":{"line":30,"column":1}},"3":{"start":{"line":29,"column":2},"end":{"line":29,"column":61}},"4":{"start":{"line":32,"column":19},"end":{"line":34,"column":1}},"5":{"start":{"line":33,"column":2},"end":{"line":33,"column":45}}},"fnMap":{"0":{"name":"(anonymous_0)","decl":{"start":{"line":20,"column":35},"end":{"line":20,"column":36}},"loc":{"start":{"line":20,"column":45},"end":{"line":26,"column":1}},"line":20},"1":{"name":"(anonymous_1)","decl":{"start":{"line":28,"column":23},"end":{"line":28,"column":24}},"loc":{"start":{"line":28,"column":29},"end":{"line":30,"column":1}},"line":28},"2":{"name":"(anonymous_2)","decl":{"start":{"line":32,"column":19},"end":{"line":32,"column":20}},"loc":{"start":{"line":32,"column":25},"end":{"line":34,"column":1}},"line":32}},"branchMap":{},"s":{"0":2,"1":5,"2":2,"3":2,"4":2,"5":2},"f":{"0":5,"1":2,"2":2},"b":{},"_coverageSchema":"43e27e138ebf9cfc5966b082cf9a028302ed4184","hash":"00bbcd7fc6790ade2762557ffc0117973cb2aa75"}
,"/home/samcarlos/step-react-ads/client/src/Dashboard/PageComponents/LoginDashboard/Accounts.js": {"path":"/home/samcarlos/step-react-ads/client/src/Dashboard/PageComponents/LoginDashboard/Accounts.js","statementMap":{"0":{"start":{"line":29,"column":4},"end":{"line":29,"column":17}},"1":{"start":{"line":30,"column":4},"end":{"line":30,"column":57}},"2":{"start":{"line":31,"column":4},"end":{"line":31,"column":51}},"3":{"start":{"line":32,"column":4},"end":{"line":32,"column":49}},"4":{"start":{"line":33,"column":4},"end":{"line":37,"column":6}},"5":{"start":{"line":41,"column":4},"end":{"line":41,"column":41}},"6":{"start":{"line":43,"column":21},"end":{"line":43,"column":49}},"7":{"start":{"line":44,"column":4},"end":{"line":44,"column":31}},"8":{"start":{"line":45,"column":4},"end":{"line":52,"column":5}},"9":{"start":{"line":46,"column":6},"end":{"line":49,"column":9}},"10":{"start":{"line":51,"column":6},"end":{"line":51,"column":54}},"11":{"start":{"line":56,"column":24},"end":{"line":56,"column":46}},"12":{"start":{"line":57,"column":4},"end":{"line":57,"column":29}},"13":{"start":{"line":58,"column":4},"end":{"line":96,"column":5}},"14":{"start":{"line":60,"column":8},"end":{"line":64,"column":10}},"15":{"start":{"line":66,"column":8},"end":{"line":66,"column":73}},"16":{"start":{"line":68,"column":8},"end":{"line":89,"column":10}},"17":{"start":{"line":71,"column":14},"end":{"line":86,"column":25}},"18":{"start":{"line":73,"column":36},"end":{"line":73,"column":64}},"19":{"start":{"line":91,"column":8},"end":{"line":95,"column":10}},"20":{"start":{"line":100,"column":4},"end":{"line":100,"column":26}},"21":{"start":{"line":101,"column":4},"end":{"line":103,"column":7}},"22":{"start":{"line":107,"column":4},"end":{"line":107,"column":38}},"23":{"start":{"line":111,"column":4},"end":{"line":113,"column":7}},"24":{"start":{"line":114,"column":20},"end":{"line":114,"column":26}},"25":{"start":{"line":115,"column":23},"end":{"line":115,"column":35}},"26":{"start":{"line":116,"column":21},"end":{"line":119,"column":5}},"27":{"start":{"line":123,"column":4},"end":{"line":138,"column":6}}},"fnMap":{"0":{"name":"(anonymous_0)","decl":{"start":{"line":28,"column":2},"end":{"line":28,"column":3}},"loc":{"start":{"line":28,"column":21},"end":{"line":38,"column":3}},"line":28},"1":{"name":"(anonymous_1)","decl":{"start":{"line":40,"column":2},"end":{"line":40,"column":3}},"loc":{"start":{"line":40,"column":25},"end":{"line":53,"column":3}},"line":40},"2":{"name":"(anonymous_2)","decl":{"start":{"line":55,"column":2},"end":{"line":55,"column":3}},"loc":{"start":{"line":55,"column":25},"end":{"line":97,"column":3}},"line":55},"3":{"name":"(anonymous_3)","decl":{"start":{"line":70,"column":29},"end":{"line":70,"column":30}},"loc":{"start":{"line":71,"column":14},"end":{"line":86,"column":25}},"line":71},"4":{"name":"(anonymous_4)","decl":{"start":{"line":73,"column":25},"end":{"line":73,"column":26}},"loc":{"start":{"line":73,"column":36},"end":{"line":73,"column":64}},"line":73},"5":{"name":"(anonymous_5)","decl":{"start":{"line":99,"column":2},"end":{"line":99,"column":3}},"loc":{"start":{"line":99,"column":22},"end":{"line":104,"column":3}},"line":99},"6":{"name":"(anonymous_6)","decl":{"start":{"line":106,"column":2},"end":{"line":106,"column":3}},"loc":{"start":{"line":106,"column":17},"end":{"line":108,"column":3}},"line":106},"7":{"name":"(anonymous_7)","decl":{"start":{"line":110,"column":2},"end":{"line":110,"column":3}},"loc":{"start":{"line":110,"column":32},"end":{"line":120,"column":3}},"line":110},"8":{"name":"(anonymous_8)","decl":{"start":{"line":122,"column":2},"end":{"line":122,"column":3}},"loc":{"start":{"line":122,"column":11},"end":{"line":139,"column":3}},"line":122}},"branchMap":{"0":{"loc":{"start":{"line":45,"column":4},"end":{"line":52,"column":5}},"type":"if","locations":[{"start":{"line":45,"column":4},"end":{"line":52,"column":5}},{"start":{"line":45,"column":4},"end":{"line":52,"column":5}}],"line":45},"1":{"loc":{"start":{"line":58,"column":4},"end":{"line":96,"column":5}},"type":"switch","locations":[{"start":{"line":59,"column":6},"end":{"line":64,"column":10}},{"start":{"line":65,"column":6},"end":{"line":66,"column":73}},{"start":{"line":67,"column":6},"end":{"line":89,"column":10}},{"start":{"line":90,"column":6},"end":{"line":95,"column":10}}],"line":58}},"s":{"0":3,"1":3,"2":3,"3":3,"4":3,"5":2,"6":2,"7":1,"8":1,"9":1,"10":0,"11":8,"12":8,"13":8,"14":3,"15":4,"16":1,"17":1,"18":0,"19":0,"20":2,"21":2,"22":3,"23":0,"24":0,"25":0,"26":0,"27":8},"f":{"0":3,"1":2,"2":8,"3":1,"4":0,"5":2,"6":3,"7":0,"8":8},"b":{"0":[1,0],"1":[3,4,1,0]},"_coverageSchema":"43e27e138ebf9cfc5966b082cf9a028302ed4184","hash":"914ef4da625b16c2f43bf49dfd3979a8909e3c7d"}
,"/home/samcarlos/step-react-ads/client/src/Dashboard/PageComponents/LoginDashboard/Login.js": {"path":"/home/samcarlos/step-react-ads/client/src/Dashboard/PageComponents/LoginDashboard/Login.js","statementMap":{"0":{"start":{"line":22,"column":18},"end":{"line":26,"column":2}},"1":{"start":{"line":30,"column":4},"end":{"line":30,"column":17}},"2":{"start":{"line":31,"column":4},"end":{"line":31,"column":51}},"3":{"start":{"line":32,"column":4},"end":{"line":32,"column":34}},"4":{"start":{"line":36,"column":4},"end":{"line":44,"column":5}},"5":{"start":{"line":37,"column":23},"end":{"line":37,"column":48}},"6":{"start":{"line":38,"column":6},"end":{"line":38,"column":24}},"7":{"start":{"line":39,"column":6},"end":{"line":41,"column":9}},"8":{"start":{"line":43,"column":6},"end":{"line":43,"column":23}},"9":{"start":{"line":48,"column":4},"end":{"line":48,"column":23}},"10":{"start":{"line":52,"column":4},"end":{"line":57,"column":6}},"11":{"start":{"line":62,"column":18},"end":{"line":62,"column":29}},"12":{"start":{"line":63,"column":2},"end":{"line":71,"column":4}}},"fnMap":{"0":{"name":"(anonymous_0)","decl":{"start":{"line":29,"column":2},"end":{"line":29,"column":3}},"loc":{"start":{"line":29,"column":21},"end":{"line":33,"column":3}},"line":29},"1":{"name":"(anonymous_1)","decl":{"start":{"line":35,"column":2},"end":{"line":35,"column":3}},"loc":{"start":{"line":35,"column":22},"end":{"line":45,"column":3}},"line":35},"2":{"name":"(anonymous_2)","decl":{"start":{"line":47,"column":2},"end":{"line":47,"column":3}},"loc":{"start":{"line":47,"column":28},"end":{"line":49,"column":3}},"line":47},"3":{"name":"(anonymous_3)","decl":{"start":{"line":51,"column":2},"end":{"line":51,"column":3}},"loc":{"start":{"line":51,"column":11},"end":{"line":58,"column":3}},"line":51},"4":{"name":"LoginButton","decl":{"start":{"line":61,"column":9},"end":{"line":61,"column":20}},"loc":{"start":{"line":61,"column":28},"end":{"line":72,"column":1}},"line":61}},"branchMap":{},"s":{"0":5,"1":2,"2":2,"3":2,"4":1,"5":1,"6":1,"7":1,"8":0,"9":1,"10":3,"11":3,"12":3},"f":{"0":2,"1":1,"2":1,"3":3,"4":3},"b":{},"_coverageSchema":"43e27e138ebf9cfc5966b082cf9a028302ed4184","hash":"3ef949982e1ec0b4a63f6b5e6c68bb0c483a0d34"}
,"/home/samcarlos/step-react-ads/client/src/Dashboard/PageComponents/LoginDashboard/LoginDashboard.js": {"path":"/home/samcarlos/step-react-ads/client/src/Dashboard/PageComponents/LoginDashboard/LoginDashboard.js","statementMap":{"0":{"start":{"line":24,"column":15},"end":{"line":24,"column":41}},"1":{"start":{"line":27,"column":18},"end":{"line":27,"column":26}},"2":{"start":{"line":28,"column":2},"end":{"line":52,"column":4}}},"fnMap":{"0":{"name":"LoginDash","decl":{"start":{"line":26,"column":24},"end":{"line":26,"column":33}},"loc":{"start":{"line":26,"column":41},"end":{"line":53,"column":1}},"line":26}},"branchMap":{},"s":{"0":4,"1":1,"2":1},"f":{"0":1},"b":{},"_coverageSchema":"43e27e138ebf9cfc5966b082cf9a028302ed4184","hash":"1152592e7ee38cc145c468eedbf7c7fc2225f361"}
,"/home/samcarlos/step-react-ads/client/src/Dashboard/PageComponents/LoginDashboard/Logout.js": {"path":"/home/samcarlos/step-react-ads/client/src/Dashboard/PageComponents/LoginDashboard/Logout.js","statementMap":{"0":{"start":{"line":22,"column":18},"end":{"line":26,"column":2}},"1":{"start":{"line":30,"column":4},"end":{"line":30,"column":17}},"2":{"start":{"line":31,"column":4},"end":{"line":31,"column":53}},"3":{"start":{"line":35,"column":4},"end":{"line":35,"column":27}},"4":{"start":{"line":36,"column":21},"end":{"line":36,"column":47}},"5":{"start":{"line":37,"column":4},"end":{"line":37,"column":16}},"6":{"start":{"line":38,"column":4},"end":{"line":38,"column":33}},"7":{"start":{"line":42,"column":4},"end":{"line":47,"column":6}},"8":{"start":{"line":52,"column":18},"end":{"line":52,"column":29}},"9":{"start":{"line":53,"column":2},"end":{"line":59,"column":4}}},"fnMap":{"0":{"name":"(anonymous_0)","decl":{"start":{"line":29,"column":2},"end":{"line":29,"column":3}},"loc":{"start":{"line":29,"column":21},"end":{"line":32,"column":3}},"line":29},"1":{"name":"(anonymous_1)","decl":{"start":{"line":34,"column":2},"end":{"line":34,"column":3}},"loc":{"start":{"line":34,"column":23},"end":{"line":39,"column":3}},"line":34},"2":{"name":"(anonymous_2)","decl":{"start":{"line":41,"column":2},"end":{"line":41,"column":3}},"loc":{"start":{"line":41,"column":11},"end":{"line":48,"column":3}},"line":41},"3":{"name":"LogoutButton","decl":{"start":{"line":51,"column":9},"end":{"line":51,"column":21}},"loc":{"start":{"line":51,"column":29},"end":{"line":60,"column":1}},"line":51}},"branchMap":{},"s":{"0":4,"1":1,"2":1,"3":0,"4":0,"5":0,"6":0,"7":1,"8":1,"9":1},"f":{"0":1,"1":0,"2":1,"3":1},"b":{},"_coverageSchema":"43e27e138ebf9cfc5966b082cf9a028302ed4184","hash":"b25a591dc779cf5d9a567195443a3f82e17990a8"}
,"/home/samcarlos/step-react-ads/client/src/Dashboard/PageComponents/QueryDashboard/Queries.js": {"path":"/home/samcarlos/step-react-ads/client/src/Dashboard/PageComponents/QueryDashboard/Queries.js","statementMap":{"0":{"start":{"line":25,"column":18},"end":{"line":29,"column":3}},"1":{"start":{"line":25,"column":41},"end":{"line":29,"column":1}},"2":{"start":{"line":33,"column":2},"end":{"line":33,"column":25}},"3":{"start":{"line":34,"column":2},"end":{"line":34,"column":21}},"4":{"start":{"line":38,"column":23},"end":{"line":38,"column":25}},"5":{"start":{"line":40,"column":2},"end":{"line":42,"column":3}},"6":{"start":{"line":41,"column":4},"end":{"line":41,"column":46}},"7":{"start":{"line":43,"column":2},"end":{"line":43,"column":22}},"8":{"start":{"line":48,"column":4},"end":{"line":48,"column":17}},"9":{"start":{"line":49,"column":4},"end":{"line":49,"column":53}},"10":{"start":{"line":50,"column":4},"end":{"line":50,"column":51}},"11":{"start":{"line":51,"column":4},"end":{"line":58,"column":6}},"12":{"start":{"line":62,"column":18},"end":{"line":62,"column":34}},"13":{"start":{"line":63,"column":4},"end":{"line":63,"column":41}},"14":{"start":{"line":64,"column":4},"end":{"line":81,"column":5}},"15":{"start":{"line":65,"column":23},"end":{"line":68,"column":7}},"16":{"start":{"line":69,"column":6},"end":{"line":77,"column":7}},"17":{"start":{"line":70,"column":8},"end":{"line":70,"column":43}},"18":{"start":{"line":72,"column":8},"end":{"line":76,"column":11}},"19":{"start":{"line":79,"column":6},"end":{"line":79,"column":31}},"20":{"start":{"line":80,"column":6},"end":{"line":80,"column":68}},"21":{"start":{"line":85,"column":4},"end":{"line":107,"column":5}},"22":{"start":{"line":87,"column":8},"end":{"line":87,"column":65}},"23":{"start":{"line":89,"column":8},"end":{"line":89,"column":44}},"24":{"start":{"line":91,"column":8},"end":{"line":97,"column":10}},"25":{"start":{"line":99,"column":8},"end":{"line":104,"column":10}},"26":{"start":{"line":106,"column":8},"end":{"line":106,"column":52}},"27":{"start":{"line":111,"column":4},"end":{"line":111,"column":49}},"28":{"start":{"line":117,"column":4},"end":{"line":137,"column":6}},"29":{"start":{"line":142,"column":18},"end":{"line":142,"column":29}},"30":{"start":{"line":143,"column":2},"end":{"line":149,"column":4}}},"fnMap":{"0":{"name":"(anonymous_0)","decl":{"start":{"line":25,"column":29},"end":{"line":25,"column":30}},"loc":{"start":{"line":25,"column":41},"end":{"line":29,"column":1}},"line":25},"1":{"name":"addKey","decl":{"start":{"line":32,"column":9},"end":{"line":32,"column":15}},"loc":{"start":{"line":32,"column":36},"end":{"line":35,"column":1}},"line":32},"2":{"name":"parseRows","decl":{"start":{"line":37,"column":9},"end":{"line":37,"column":18}},"loc":{"start":{"line":37,"column":29},"end":{"line":44,"column":1}},"line":37},"3":{"name":"(anonymous_3)","decl":{"start":{"line":47,"column":2},"end":{"line":47,"column":3}},"loc":{"start":{"line":47,"column":21},"end":{"line":59,"column":3}},"line":47},"4":{"name":"(anonymous_4)","decl":{"start":{"line":61,"column":2},"end":{"line":61,"column":3}},"loc":{"start":{"line":61,"column":22},"end":{"line":82,"column":3}},"line":61},"5":{"name":"(anonymous_5)","decl":{"start":{"line":84,"column":2},"end":{"line":84,"column":3}},"loc":{"start":{"line":84,"column":25},"end":{"line":108,"column":3}},"line":84},"6":{"name":"(anonymous_6)","decl":{"start":{"line":110,"column":2},"end":{"line":110,"column":3}},"loc":{"start":{"line":110,"column":22},"end":{"line":112,"column":3}},"line":110},"7":{"name":"(anonymous_7)","decl":{"start":{"line":114,"column":2},"end":{"line":114,"column":3}},"loc":{"start":{"line":114,"column":11},"end":{"line":138,"column":3}},"line":114},"8":{"name":"SubmitButton","decl":{"start":{"line":141,"column":9},"end":{"line":141,"column":21}},"loc":{"start":{"line":141,"column":29},"end":{"line":150,"column":1}},"line":141}},"branchMap":{"0":{"loc":{"start":{"line":69,"column":6},"end":{"line":77,"column":7}},"type":"if","locations":[{"start":{"line":69,"column":6},"end":{"line":77,"column":7}},{"start":{"line":69,"column":6},"end":{"line":77,"column":7}}],"line":69},"1":{"loc":{"start":{"line":85,"column":4},"end":{"line":107,"column":5}},"type":"switch","locations":[{"start":{"line":86,"column":6},"end":{"line":87,"column":65}},{"start":{"line":88,"column":6},"end":{"line":89,"column":44}},{"start":{"line":90,"column":6},"end":{"line":97,"column":10}},{"start":{"line":98,"column":6},"end":{"line":104,"column":10}},{"start":{"line":105,"column":6},"end":{"line":106,"column":52}}],"line":85}},"s":{"0":6,"1":1,"2":1,"3":1,"4":1,"5":1,"6":1,"7":1,"8":4,"9":4,"10":4,"11":4,"12":3,"13":3,"14":3,"15":3,"16":3,"17":1,"18":1,"19":2,"20":2,"21":10,"22":4,"23":3,"24":1,"25":2,"26":0,"27":0,"28":10,"29":1,"30":1},"f":{"0":1,"1":1,"2":1,"3":4,"4":3,"5":10,"6":0,"7":10,"8":1},"b":{"0":[1,1],"1":[4,3,1,2,0]},"_coverageSchema":"43e27e138ebf9cfc5966b082cf9a028302ed4184","hash":"2f8a8503b05b7b451295d3319d00e2f30d2813fd"}
,"/home/samcarlos/step-react-ads/client/src/Dashboard/PageComponents/QueryDashboard/QueryAccount.js": {"path":"/home/samcarlos/step-react-ads/client/src/Dashboard/PageComponents/QueryDashboard/QueryAccount.js","statementMap":{"0":{"start":{"line":28,"column":4},"end":{"line":28,"column":17}},"1":{"start":{"line":29,"column":4},"end":{"line":29,"column":47}},"2":{"start":{"line":30,"column":4},"end":{"line":33,"column":6}},"3":{"start":{"line":37,"column":4},"end":{"line":37,"column":41}},"4":{"start":{"line":38,"column":21},"end":{"line":38,"column":47}},"5":{"start":{"line":39,"column":4},"end":{"line":39,"column":22}},"6":{"start":{"line":40,"column":4},"end":{"line":47,"column":5}},"7":{"start":{"line":41,"column":6},"end":{"line":44,"column":9}},"8":{"start":{"line":46,"column":6},"end":{"line":46,"column":49}},"9":{"start":{"line":51,"column":27},"end":{"line":51,"column":52}},"10":{"start":{"line":52,"column":4},"end":{"line":80,"column":5}},"11":{"start":{"line":54,"column":8},"end":{"line":58,"column":10}},"12":{"start":{"line":60,"column":8},"end":{"line":60,"column":73}},"13":{"start":{"line":62,"column":8},"end":{"line":73,"column":10}},"14":{"start":{"line":75,"column":8},"end":{"line":79,"column":10}},"15":{"start":{"line":84,"column":4},"end":{"line":84,"column":21}},"16":{"start":{"line":88,"column":27},"end":{"line":88,"column":52}},"17":{"start":{"line":89,"column":4},"end":{"line":89,"column":32}},"18":{"start":{"line":90,"column":4},"end":{"line":103,"column":6}}},"fnMap":{"0":{"name":"(anonymous_0)","decl":{"start":{"line":27,"column":2},"end":{"line":27,"column":3}},"loc":{"start":{"line":27,"column":21},"end":{"line":34,"column":3}},"line":27},"1":{"name":"(anonymous_1)","decl":{"start":{"line":36,"column":2},"end":{"line":36,"column":3}},"loc":{"start":{"line":36,"column":20},"end":{"line":48,"column":3}},"line":36},"2":{"name":"(anonymous_2)","decl":{"start":{"line":50,"column":2},"end":{"line":50,"column":3}},"loc":{"start":{"line":50,"column":25},"end":{"line":81,"column":3}},"line":50},"3":{"name":"(anonymous_3)","decl":{"start":{"line":83,"column":2},"end":{"line":83,"column":3}},"loc":{"start":{"line":83,"column":22},"end":{"line":85,"column":3}},"line":83},"4":{"name":"(anonymous_4)","decl":{"start":{"line":87,"column":2},"end":{"line":87,"column":3}},"loc":{"start":{"line":87,"column":11},"end":{"line":104,"column":3}},"line":87}},"branchMap":{"0":{"loc":{"start":{"line":40,"column":4},"end":{"line":47,"column":5}},"type":"if","locations":[{"start":{"line":40,"column":4},"end":{"line":47,"column":5}},{"start":{"line":40,"column":4},"end":{"line":47,"column":5}}],"line":40},"1":{"loc":{"start":{"line":52,"column":4},"end":{"line":80,"column":5}},"type":"switch","locations":[{"start":{"line":53,"column":6},"end":{"line":58,"column":10}},{"start":{"line":59,"column":6},"end":{"line":60,"column":73}},{"start":{"line":61,"column":6},"end":{"line":73,"column":10}},{"start":{"line":74,"column":6},"end":{"line":79,"column":10}}],"line":52}},"s":{"0":1,"1":1,"2":1,"3":0,"4":0,"5":0,"6":0,"7":0,"8":0,"9":1,"10":1,"11":1,"12":0,"13":0,"14":0,"15":0,"16":1,"17":1,"18":1},"f":{"0":1,"1":0,"2":1,"3":0,"4":1},"b":{"0":[0,0],"1":[1,0,0,0]},"_coverageSchema":"43e27e138ebf9cfc5966b082cf9a028302ed4184","hash":"82f3f2f3f42b3d77e43872bbfefc2af5858e4740"}
,"/home/samcarlos/step-react-ads/client/src/Dashboard/PageComponents/QueryDashboard/QueryDashboard.js": {"path":"/home/samcarlos/step-react-ads/client/src/Dashboard/PageComponents/QueryDashboard/QueryDashboard.js","statementMap":{"0":{"start":{"line":25,"column":15},"end":{"line":25,"column":41}},"1":{"start":{"line":28,"column":18},"end":{"line":28,"column":26}},"2":{"start":{"line":29,"column":2},"end":{"line":46,"column":4}}},"fnMap":{"0":{"name":"Queries","decl":{"start":{"line":27,"column":24},"end":{"line":27,"column":31}},"loc":{"start":{"line":27,"column":39},"end":{"line":47,"column":1}},"line":27}},"branchMap":{},"s":{"0":5,"1":1,"2":1},"f":{"0":1},"b":{},"_coverageSchema":"43e27e138ebf9cfc5966b082cf9a028302ed4184","hash":"ac5e44e7b76c45b1e76042810f72a22131f42aff"}
,"/home/samcarlos/step-react-ads/client/src/Dashboard/PageComponents/QueryDashboard/QueryResults.js": {"path":"/home/samcarlos/step-react-ads/client/src/Dashboard/PageComponents/QueryDashboard/QueryResults.js","statementMap":{"0":{"start":{"line":26,"column":27},"end":{"line":26,"column":32}},"1":{"start":{"line":27,"column":40},"end":{"line":27,"column":58}},"2":{"start":{"line":28,"column":26},"end":{"line":28,"column":43}},"3":{"start":{"line":30,"column":27},"end":{"line":32,"column":3}},"4":{"start":{"line":31,"column":4},"end":{"line":31,"column":21}},"5":{"start":{"line":34,"column":34},"end":{"line":41,"column":3}},"6":{"start":{"line":36,"column":4},"end":{"line":38,"column":5}},"7":{"start":{"line":37,"column":6},"end":{"line":37,"column":39}},"8":{"start":{"line":39,"column":4},"end":{"line":39,"column":40}},"9":{"start":{"line":40,"column":4},"end":{"line":40,"column":15}},"10":{"start":{"line":42,"column":2},"end":{"line":54,"column":4}},"11":{"start":{"line":58,"column":15},"end":{"line":58,"column":25}},"12":{"start":{"line":59,"column":17},"end":{"line":59,"column":29}},"13":{"start":{"line":60,"column":22},"end":{"line":60,"column":39}},"14":{"start":{"line":61,"column":15},"end":{"line":61,"column":25}},"15":{"start":{"line":62,"column":27},"end":{"line":62,"column":49}},"16":{"start":{"line":63,"column":34},"end":{"line":63,"column":63}},"17":{"start":{"line":66,"column":2},"end":{"line":103,"column":4}},"18":{"start":{"line":72,"column":14},"end":{"line":72,"column":62}},"19":{"start":{"line":80,"column":14},"end":{"line":84,"column":25}},"20":{"start":{"line":82,"column":18},"end":{"line":82,"column":61}}},"fnMap":{"0":{"name":"QueryResults","decl":{"start":{"line":25,"column":24},"end":{"line":25,"column":36}},"loc":{"start":{"line":25,"column":44},"end":{"line":55,"column":1}},"line":25},"1":{"name":"(anonymous_1)","decl":{"start":{"line":30,"column":27},"end":{"line":30,"column":28}},"loc":{"start":{"line":30,"column":47},"end":{"line":32,"column":3}},"line":30},"2":{"name":"(anonymous_2)","decl":{"start":{"line":34,"column":34},"end":{"line":34,"column":35}},"loc":{"start":{"line":34,"column":45},"end":{"line":41,"column":3}},"line":34},"3":{"name":"Results","decl":{"start":{"line":57,"column":9},"end":{"line":57,"column":16}},"loc":{"start":{"line":57,"column":24},"end":{"line":104,"column":1}},"line":57},"4":{"name":"(anonymous_4)","decl":{"start":{"line":71,"column":24},"end":{"line":71,"column":25}},"loc":{"start":{"line":72,"column":14},"end":{"line":72,"column":62}},"line":72},"5":{"name":"(anonymous_5)","decl":{"start":{"line":79,"column":17},"end":{"line":79,"column":18}},"loc":{"start":{"line":80,"column":14},"end":{"line":84,"column":25}},"line":80},"6":{"name":"(anonymous_6)","decl":{"start":{"line":81,"column":28},"end":{"line":81,"column":29}},"loc":{"start":{"line":82,"column":18},"end":{"line":82,"column":61}},"line":82}},"branchMap":{"0":{"loc":{"start":{"line":36,"column":4},"end":{"line":38,"column":5}},"type":"if","locations":[{"start":{"line":36,"column":4},"end":{"line":38,"column":5}},{"start":{"line":36,"column":4},"end":{"line":38,"column":5}}],"line":36}},"s":{"0":2,"1":2,"2":2,"3":2,"4":0,"5":2,"6":0,"7":0,"8":0,"9":0,"10":2,"11":2,"12":2,"13":2,"14":2,"15":2,"16":2,"17":2,"18":5,"19":2,"20":5},"f":{"0":2,"1":0,"2":0,"3":2,"4":5,"5":2,"6":5},"b":{"0":[0,0]},"_coverageSchema":"43e27e138ebf9cfc5966b082cf9a028302ed4184","hash":"9e29f4c6d06da3a0de99542b84881326d08cb56c"}
,"/home/samcarlos/step-react-ads/client/src/Dashboard/PageComponents/ReportsDashboard/ReportsDashboard.js": {"path":"/home/samcarlos/step-react-ads/client/src/Dashboard/PageComponents/ReportsDashboard/ReportsDashboard.js","statementMap":{"0":{"start":{"line":27,"column":15},"end":{"line":27,"column":41}},"1":{"start":{"line":30,"column":18},"end":{"line":30,"column":26}},"2":{"start":{"line":31,"column":27},"end":{"line":31,"column":67}},"3":{"start":{"line":32,"column":2},"end":{"line":61,"column":4}}},"fnMap":{"0":{"name":"Reports","decl":{"start":{"line":29,"column":24},"end":{"line":29,"column":31}},"loc":{"start":{"line":29,"column":39},"end":{"line":62,"column":1}},"line":29}},"branchMap":{},"s":{"0":5,"1":1,"2":1,"3":1},"f":{"0":1},"b":{},"_coverageSchema":"43e27e138ebf9cfc5966b082cf9a028302ed4184","hash":"55d81ed58af8d0f81ecc6c02f72b81db432cd9e9"}
,"/home/samcarlos/step-react-ads/client/src/Dashboard/PageComponents/ReportsDashboard/Reports/CampaignData.js": {"path":"/home/samcarlos/step-react-ads/client/src/Dashboard/PageComponents/ReportsDashboard/Reports/CampaignData.js","statementMap":{"0":{"start":{"line":26,"column":18},"end":{"line":30,"column":3}},"1":{"start":{"line":26,"column":41},"end":{"line":30,"column":1}},"2":{"start":{"line":33,"column":18},"end":{"line":33,"column":29}},"3":{"start":{"line":34,"column":26},"end":{"line":34,"column":38}},"4":{"start":{"line":35,"column":28},"end":{"line":35,"column":47}},"5":{"start":{"line":37,"column":2},"end":{"line":59,"column":9}},"6":{"start":{"line":38,"column":4},"end":{"line":58,"column":9}},"7":{"start":{"line":39,"column":6},"end":{"line":57,"column":7}},"8":{"start":{"line":40,"column":25},"end":{"line":45,"column":9}},"9":{"start":{"line":47,"column":8},"end":{"line":52,"column":9}},"10":{"start":{"line":48,"column":10},"end":{"line":48,"column":45}},"11":{"start":{"line":50,"column":10},"end":{"line":50,"column":33}},"12":{"start":{"line":51,"column":10},"end":{"line":51,"column":29}},"13":{"start":{"line":54,"column":8},"end":{"line":54,"column":33}},"14":{"start":{"line":55,"column":8},"end":{"line":55,"column":29}},"15":{"start":{"line":56,"column":8},"end":{"line":56,"column":26}},"16":{"start":{"line":61,"column":31},"end":{"line":99,"column":3}},"17":{"start":{"line":62,"column":4},"end":{"line":98,"column":5}},"18":{"start":{"line":64,"column":8},"end":{"line":64,"column":44}},"19":{"start":{"line":66,"column":8},"end":{"line":89,"column":10}},"20":{"start":{"line":79,"column":16},"end":{"line":85,"column":27}},"21":{"start":{"line":91,"column":8},"end":{"line":95,"column":10}},"22":{"start":{"line":97,"column":8},"end":{"line":97,"column":52}},"23":{"start":{"line":101,"column":2},"end":{"line":106,"column":4}}},"fnMap":{"0":{"name":"(anonymous_0)","decl":{"start":{"line":26,"column":29},"end":{"line":26,"column":30}},"loc":{"start":{"line":26,"column":41},"end":{"line":30,"column":1}},"line":26},"1":{"name":"CampaignData","decl":{"start":{"line":32,"column":24},"end":{"line":32,"column":36}},"loc":{"start":{"line":32,"column":39},"end":{"line":107,"column":1}},"line":32},"2":{"name":"(anonymous_2)","decl":{"start":{"line":37,"column":12},"end":{"line":37,"column":13}},"loc":{"start":{"line":37,"column":18},"end":{"line":59,"column":3}},"line":37},"3":{"name":"(anonymous_3)","decl":{"start":{"line":38,"column":5},"end":{"line":38,"column":6}},"loc":{"start":{"line":38,"column":17},"end":{"line":58,"column":5}},"line":38},"4":{"name":"(anonymous_4)","decl":{"start":{"line":61,"column":31},"end":{"line":61,"column":32}},"loc":{"start":{"line":61,"column":37},"end":{"line":99,"column":3}},"line":61},"5":{"name":"(anonymous_5)","decl":{"start":{"line":78,"column":24},"end":{"line":78,"column":25}},"loc":{"start":{"line":79,"column":16},"end":{"line":85,"column":27}},"line":79}},"branchMap":{"0":{"loc":{"start":{"line":47,"column":8},"end":{"line":52,"column":9}},"type":"if","locations":[{"start":{"line":47,"column":8},"end":{"line":52,"column":9}},{"start":{"line":47,"column":8},"end":{"line":52,"column":9}}],"line":47},"1":{"loc":{"start":{"line":62,"column":4},"end":{"line":98,"column":5}},"type":"switch","locations":[{"start":{"line":63,"column":6},"end":{"line":64,"column":44}},{"start":{"line":65,"column":6},"end":{"line":89,"column":10}},{"start":{"line":90,"column":6},"end":{"line":95,"column":10}},{"start":{"line":96,"column":6},"end":{"line":97,"column":52}}],"line":62}},"s":{"0":6,"1":2,"2":10,"3":10,"4":10,"5":10,"6":3,"7":3,"8":3,"9":3,"10":1,"11":1,"12":1,"13":2,"14":2,"15":2,"16":10,"17":10,"18":7,"19":1,"20":1,"21":2,"22":0,"23":10},"f":{"0":2,"1":10,"2":3,"3":3,"4":10,"5":1},"b":{"0":[1,1],"1":[7,1,2,0]},"_coverageSchema":"43e27e138ebf9cfc5966b082cf9a028302ed4184","hash":"59786caa91bacf8fbd99fb09c06123b1dd8380e2"}
,"/home/samcarlos/step-react-ads/client/src/Dashboard/PageComponents/ReportsDashboard/Reports/Chart.js": {"path":"/home/samcarlos/step-react-ads/client/src/Dashboard/PageComponents/ReportsDashboard/Reports/Chart.js","statementMap":{"0":{"start":{"line":32,"column":16},"end":{"line":32,"column":26}},"1":{"start":{"line":33,"column":26},"end":{"line":33,"column":38}},"2":{"start":{"line":34,"column":28},"end":{"line":34,"column":47}},"3":{"start":{"line":35,"column":2},"end":{"line":94,"column":9}},"4":{"start":{"line":36,"column":4},"end":{"line":93,"column":9}},"5":{"start":{"line":37,"column":6},"end":{"line":92,"column":7}},"6":{"start":{"line":39,"column":21},"end":{"line":81,"column":9}},"7":{"start":{"line":82,"column":8},"end":{"line":87,"column":9}},"8":{"start":{"line":83,"column":10},"end":{"line":83,"column":45}},"9":{"start":{"line":85,"column":10},"end":{"line":85,"column":38}},"10":{"start":{"line":86,"column":10},"end":{"line":86,"column":29}},"11":{"start":{"line":89,"column":8},"end":{"line":89,"column":33}},"12":{"start":{"line":90,"column":8},"end":{"line":90,"column":29}},"13":{"start":{"line":91,"column":8},"end":{"line":91,"column":26}},"14":{"start":{"line":96,"column":31},"end":{"line":143,"column":3}},"15":{"start":{"line":97,"column":4},"end":{"line":142,"column":5}},"16":{"start":{"line":99,"column":8},"end":{"line":99,"column":44}},"17":{"start":{"line":101,"column":8},"end":{"line":133,"column":10}},"18":{"start":{"line":135,"column":8},"end":{"line":139,"column":10}},"19":{"start":{"line":141,"column":8},"end":{"line":141,"column":52}},"20":{"start":{"line":145,"column":2},"end":{"line":150,"column":4}}},"fnMap":{"0":{"name":"Chart","decl":{"start":{"line":31,"column":24},"end":{"line":31,"column":29}},"loc":{"start":{"line":31,"column":32},"end":{"line":151,"column":1}},"line":31},"1":{"name":"(anonymous_1)","decl":{"start":{"line":35,"column":12},"end":{"line":35,"column":13}},"loc":{"start":{"line":35,"column":18},"end":{"line":94,"column":3}},"line":35},"2":{"name":"(anonymous_2)","decl":{"start":{"line":36,"column":5},"end":{"line":36,"column":6}},"loc":{"start":{"line":36,"column":17},"end":{"line":93,"column":5}},"line":36},"3":{"name":"(anonymous_3)","decl":{"start":{"line":96,"column":31},"end":{"line":96,"column":32}},"loc":{"start":{"line":96,"column":37},"end":{"line":143,"column":3}},"line":96}},"branchMap":{"0":{"loc":{"start":{"line":82,"column":8},"end":{"line":87,"column":9}},"type":"if","locations":[{"start":{"line":82,"column":8},"end":{"line":87,"column":9}},{"start":{"line":82,"column":8},"end":{"line":87,"column":9}}],"line":82},"1":{"loc":{"start":{"line":97,"column":4},"end":{"line":142,"column":5}},"type":"switch","locations":[{"start":{"line":98,"column":6},"end":{"line":99,"column":44}},{"start":{"line":100,"column":6},"end":{"line":133,"column":10}},{"start":{"line":134,"column":6},"end":{"line":139,"column":10}},{"start":{"line":140,"column":6},"end":{"line":141,"column":52}}],"line":97}},"s":{"0":7,"1":7,"2":7,"3":7,"4":3,"5":3,"6":3,"7":3,"8":0,"9":3,"10":3,"11":0,"12":0,"13":0,"14":7,"15":7,"16":4,"17":3,"18":0,"19":0,"20":7},"f":{"0":7,"1":3,"2":3,"3":7},"b":{"0":[0,3],"1":[4,3,0,0]},"_coverageSchema":"43e27e138ebf9cfc5966b082cf9a028302ed4184","hash":"2392951e3920f061cae7e72022be1103a7ead680"}
,"/home/samcarlos/step-react-ads/client/src/Dashboard/PageComponents/ReportsDashboard/Reports/ClicksPerCampaignChart.js": {"path":"/home/samcarlos/step-react-ads/client/src/Dashboard/PageComponents/ReportsDashboard/Reports/ClicksPerCampaignChart.js","statementMap":{"0":{"start":{"line":33,"column":16},"end":{"line":33,"column":26}},"1":{"start":{"line":34,"column":26},"end":{"line":34,"column":38}},"2":{"start":{"line":35,"column":28},"end":{"line":35,"column":47}},"3":{"start":{"line":37,"column":2},"end":{"line":62,"column":9}},"4":{"start":{"line":39,"column":4},"end":{"line":61,"column":9}},"5":{"start":{"line":40,"column":6},"end":{"line":60,"column":7}},"6":{"start":{"line":41,"column":25},"end":{"line":41,"column":49}},"7":{"start":{"line":42,"column":8},"end":{"line":42,"column":26}},"8":{"start":{"line":50,"column":8},"end":{"line":55,"column":9}},"9":{"start":{"line":51,"column":10},"end":{"line":51,"column":45}},"10":{"start":{"line":53,"column":10},"end":{"line":53,"column":33}},"11":{"start":{"line":54,"column":10},"end":{"line":54,"column":29}},"12":{"start":{"line":57,"column":8},"end":{"line":57,"column":33}},"13":{"start":{"line":58,"column":8},"end":{"line":58,"column":29}},"14":{"start":{"line":59,"column":8},"end":{"line":59,"column":26}},"15":{"start":{"line":64,"column":31},"end":{"line":101,"column":3}},"16":{"start":{"line":65,"column":4},"end":{"line":100,"column":5}},"17":{"start":{"line":67,"column":8},"end":{"line":67,"column":44}},"18":{"start":{"line":69,"column":8},"end":{"line":91,"column":10}},"19":{"start":{"line":93,"column":8},"end":{"line":97,"column":10}},"20":{"start":{"line":99,"column":8},"end":{"line":99,"column":52}},"21":{"start":{"line":102,"column":2},"end":{"line":107,"column":4}}},"fnMap":{"0":{"name":"ClicksPerCampaignChart","decl":{"start":{"line":32,"column":24},"end":{"line":32,"column":46}},"loc":{"start":{"line":32,"column":49},"end":{"line":108,"column":1}},"line":32},"1":{"name":"(anonymous_1)","decl":{"start":{"line":37,"column":12},"end":{"line":37,"column":13}},"loc":{"start":{"line":37,"column":18},"end":{"line":62,"column":3}},"line":37},"2":{"name":"(anonymous_2)","decl":{"start":{"line":39,"column":5},"end":{"line":39,"column":6}},"loc":{"start":{"line":39,"column":17},"end":{"line":61,"column":5}},"line":39},"3":{"name":"(anonymous_3)","decl":{"start":{"line":64,"column":31},"end":{"line":64,"column":32}},"loc":{"start":{"line":64,"column":37},"end":{"line":101,"column":3}},"line":64}},"branchMap":{"0":{"loc":{"start":{"line":50,"column":8},"end":{"line":55,"column":9}},"type":"if","locations":[{"start":{"line":50,"column":8},"end":{"line":55,"column":9}},{"start":{"line":50,"column":8},"end":{"line":55,"column":9}}],"line":50},"1":{"loc":{"start":{"line":65,"column":4},"end":{"line":100,"column":5}},"type":"switch","locations":[{"start":{"line":66,"column":6},"end":{"line":67,"column":44}},{"start":{"line":68,"column":6},"end":{"line":91,"column":10}},{"start":{"line":92,"column":6},"end":{"line":97,"column":10}},{"start":{"line":98,"column":6},"end":{"line":99,"column":52}}],"line":65}},"s":{"0":10,"1":10,"2":10,"3":10,"4":3,"5":3,"6":3,"7":2,"8":2,"9":1,"10":1,"11":1,"12":2,"13":2,"14":2,"15":10,"16":10,"17":7,"18":1,"19":2,"20":0,"21":10},"f":{"0":10,"1":3,"2":3,"3":10},"b":{"0":[1,1],"1":[7,1,2,0]},"_coverageSchema":"43e27e138ebf9cfc5966b082cf9a028302ed4184","hash":"b8b8a208981e0b139d81ecd713ea1568f0745dff"}
,"/home/samcarlos/step-react-ads/client/src/Dashboard/PageComponents/ReportsDashboard/Reports/Deposits.js": {"path":"/home/samcarlos/step-react-ads/client/src/Dashboard/PageComponents/ReportsDashboard/Reports/Deposits.js","statementMap":{"0":{"start":{"line":23,"column":2},"end":{"line":23,"column":25}},"1":{"start":{"line":26,"column":18},"end":{"line":30,"column":2}},"2":{"start":{"line":33,"column":18},"end":{"line":33,"column":29}},"3":{"start":{"line":34,"column":2},"end":{"line":49,"column":4}}},"fnMap":{"0":{"name":"preventDefault","decl":{"start":{"line":22,"column":9},"end":{"line":22,"column":23}},"loc":{"start":{"line":22,"column":31},"end":{"line":24,"column":1}},"line":22},"1":{"name":"Deposits","decl":{"start":{"line":32,"column":24},"end":{"line":32,"column":32}},"loc":{"start":{"line":32,"column":35},"end":{"line":50,"column":1}},"line":32}},"branchMap":{},"s":{"0":0,"1":6,"2":2,"3":2},"f":{"0":0,"1":2},"b":{},"_coverageSchema":"43e27e138ebf9cfc5966b082cf9a028302ed4184","hash":"214005ff5ae4edad85e49f3cd946b5cf3c9637e7"}
,"/home/samcarlos/step-react-ads/client/src/Dashboard/Utilities/Constants.js": {"path":"/home/samcarlos/step-react-ads/client/src/Dashboard/Utilities/Constants.js","statementMap":{"0":{"start":{"line":24,"column":14},"end":{"line":24,"column":43}},"1":{"start":{"line":25,"column":28},"end":{"line":44,"column":1}}},"fnMap":{},"branchMap":{},"s":{"0":4,"1":4},"f":{},"b":{},"_coverageSchema":"43e27e138ebf9cfc5966b082cf9a028302ed4184","hash":"3f4b12e81f6bc67eeb85c94e4f806bbd50de6958"}
,"/home/samcarlos/step-react-ads/client/src/Dashboard/Utilities/Styles.js": {"path":"/home/samcarlos/step-react-ads/client/src/Dashboard/Utilities/Styles.js","statementMap":{"0":{"start":{"line":16,"column":20},"end":{"line":16,"column":23}},"1":{"start":{"line":18,"column":23},"end":{"line":95,"column":2}},"2":{"start":{"line":18,"column":35},"end":{"line":95,"column":1}}},"fnMap":{"0":{"name":"(anonymous_0)","decl":{"start":{"line":18,"column":23},"end":{"line":18,"column":24}},"loc":{"start":{"line":18,"column":35},"end":{"line":95,"column":1}},"line":18}},"branchMap":{},"s":{"0":6,"1":6,"2":6},"f":{"0":6},"b":{},"_coverageSchema":"43e27e138ebf9cfc5966b082cf9a028302ed4184","hash":"0b11d74d67dda55b86d281cbf6b75c257317d549"}
,"/home/samcarlos/step-react-ads/client/src/Dashboard/Utilities/Title.js": {"path":"/home/samcarlos/step-react-ads/client/src/Dashboard/Utilities/Title.js","statementMap":{"0":{"start":{"line":21,"column":2},"end":{"line":25,"column":4}},"1":{"start":{"line":28,"column":0},"end":{"line":30,"column":2}}},"fnMap":{"0":{"name":"Title","decl":{"start":{"line":20,"column":24},"end":{"line":20,"column":29}},"loc":{"start":{"line":20,"column":37},"end":{"line":26,"column":1}},"line":20}},"branchMap":{},"s":{"0":66,"1":15},"f":{"0":66},"b":{},"_coverageSchema":"43e27e138ebf9cfc5966b082cf9a028302ed4184","hash":"7265fcc877f3304340706ce763fba967256d0637"}
}
