{"/home/samcarlos/step-react-ads/client/src/Dashboard/PageComponents/QueryDashboard/Queries.js": {"path":"/home/samcarlos/step-react-ads/client/src/Dashboard/PageComponents/QueryDashboard/Queries.js","statementMap":{"0":{"start":{"line":9,"column":18},"end":{"line":13,"column":3}},"1":{"start":{"line":9,"column":41},"end":{"line":13,"column":1}},"2":{"start":{"line":17,"column":2},"end":{"line":17,"column":25}},"3":{"start":{"line":18,"column":2},"end":{"line":18,"column":21}},"4":{"start":{"line":22,"column":23},"end":{"line":22,"column":25}},"5":{"start":{"line":24,"column":2},"end":{"line":26,"column":3}},"6":{"start":{"line":25,"column":4},"end":{"line":25,"column":46}},"7":{"start":{"line":27,"column":2},"end":{"line":27,"column":28}},"8":{"start":{"line":28,"column":2},"end":{"line":28,"column":22}},"9":{"start":{"line":33,"column":4},"end":{"line":33,"column":17}},"10":{"start":{"line":34,"column":4},"end":{"line":34,"column":53}},"11":{"start":{"line":35,"column":4},"end":{"line":35,"column":51}},"12":{"start":{"line":36,"column":4},"end":{"line":42,"column":6}},"13":{"start":{"line":46,"column":18},"end":{"line":46,"column":34}},"14":{"start":{"line":47,"column":4},"end":{"line":47,"column":41}},"15":{"start":{"line":48,"column":4},"end":{"line":65,"column":5}},"16":{"start":{"line":49,"column":23},"end":{"line":52,"column":7}},"17":{"start":{"line":53,"column":6},"end":{"line":61,"column":7}},"18":{"start":{"line":54,"column":8},"end":{"line":54,"column":43}},"19":{"start":{"line":56,"column":8},"end":{"line":60,"column":11}},"20":{"start":{"line":63,"column":6},"end":{"line":63,"column":31}},"21":{"start":{"line":64,"column":6},"end":{"line":64,"column":68}},"22":{"start":{"line":69,"column":4},"end":{"line":87,"column":5}},"23":{"start":{"line":71,"column":8},"end":{"line":71,"column":65}},"24":{"start":{"line":73,"column":8},"end":{"line":73,"column":44}},"25":{"start":{"line":75,"column":8},"end":{"line":77,"column":10}},"26":{"start":{"line":79,"column":8},"end":{"line":84,"column":10}},"27":{"start":{"line":86,"column":8},"end":{"line":86,"column":52}},"28":{"start":{"line":91,"column":4},"end":{"line":91,"column":49}},"29":{"start":{"line":97,"column":4},"end":{"line":119,"column":6}},"30":{"start":{"line":124,"column":18},"end":{"line":124,"column":29}},"31":{"start":{"line":125,"column":2},"end":{"line":131,"column":4}}},"fnMap":{"0":{"name":"(anonymous_0)","decl":{"start":{"line":9,"column":29},"end":{"line":9,"column":30}},"loc":{"start":{"line":9,"column":41},"end":{"line":13,"column":1}},"line":9},"1":{"name":"addKey","decl":{"start":{"line":16,"column":9},"end":{"line":16,"column":15}},"loc":{"start":{"line":16,"column":36},"end":{"line":19,"column":1}},"line":16},"2":{"name":"parseRows","decl":{"start":{"line":21,"column":9},"end":{"line":21,"column":18}},"loc":{"start":{"line":21,"column":29},"end":{"line":29,"column":1}},"line":21},"3":{"name":"(anonymous_3)","decl":{"start":{"line":32,"column":2},"end":{"line":32,"column":3}},"loc":{"start":{"line":32,"column":21},"end":{"line":43,"column":3}},"line":32},"4":{"name":"(anonymous_4)","decl":{"start":{"line":45,"column":2},"end":{"line":45,"column":3}},"loc":{"start":{"line":45,"column":22},"end":{"line":66,"column":3}},"line":45},"5":{"name":"(anonymous_5)","decl":{"start":{"line":68,"column":2},"end":{"line":68,"column":3}},"loc":{"start":{"line":68,"column":25},"end":{"line":88,"column":3}},"line":68},"6":{"name":"(anonymous_6)","decl":{"start":{"line":90,"column":2},"end":{"line":90,"column":3}},"loc":{"start":{"line":90,"column":22},"end":{"line":92,"column":3}},"line":90},"7":{"name":"(anonymous_7)","decl":{"start":{"line":94,"column":2},"end":{"line":94,"column":3}},"loc":{"start":{"line":94,"column":11},"end":{"line":120,"column":3}},"line":94},"8":{"name":"SubmitButton","decl":{"start":{"line":123,"column":9},"end":{"line":123,"column":21}},"loc":{"start":{"line":123,"column":29},"end":{"line":132,"column":1}},"line":123}},"branchMap":{"0":{"loc":{"start":{"line":53,"column":6},"end":{"line":61,"column":7}},"type":"if","locations":[{"start":{"line":53,"column":6},"end":{"line":61,"column":7}},{"start":{"line":53,"column":6},"end":{"line":61,"column":7}}],"line":53},"1":{"loc":{"start":{"line":69,"column":4},"end":{"line":87,"column":5}},"type":"switch","locations":[{"start":{"line":70,"column":6},"end":{"line":71,"column":65}},{"start":{"line":72,"column":6},"end":{"line":73,"column":44}},{"start":{"line":74,"column":6},"end":{"line":77,"column":10}},{"start":{"line":78,"column":6},"end":{"line":84,"column":10}},{"start":{"line":85,"column":6},"end":{"line":86,"column":52}}],"line":69}},"s":{"0":2,"1":1,"2":1,"3":1,"4":1,"5":1,"6":1,"7":1,"8":1,"9":3,"10":3,"11":3,"12":3,"13":2,"14":2,"15":2,"16":2,"17":2,"18":1,"19":1,"20":1,"21":1,"22":7,"23":3,"24":2,"25":1,"26":1,"27":0,"28":0,"29":7,"30":1,"31":1},"f":{"0":1,"1":1,"2":1,"3":3,"4":2,"5":7,"6":0,"7":7,"8":1},"b":{"0":[1,1],"1":[3,2,1,1,0]},"_coverageSchema":"43e27e138ebf9cfc5966b082cf9a028302ed4184","hash":"a61c217e82dc1db51e5b436eb0469ef09d4116a9"}
,"/home/samcarlos/step-react-ads/client/src/Dashboard/PageComponents/QueryDashboard/QueryDashboard.js": {"path":"/home/samcarlos/step-react-ads/client/src/Dashboard/PageComponents/QueryDashboard/QueryDashboard.js","statementMap":{"0":{"start":{"line":9,"column":15},"end":{"line":9,"column":41}},"1":{"start":{"line":12,"column":18},"end":{"line":12,"column":26}},"2":{"start":{"line":13,"column":2},"end":{"line":23,"column":4}}},"fnMap":{"0":{"name":"Queries","decl":{"start":{"line":11,"column":24},"end":{"line":11,"column":31}},"loc":{"start":{"line":11,"column":39},"end":{"line":24,"column":1}},"line":11}},"branchMap":{},"s":{"0":1,"1":1,"2":1},"f":{"0":1},"b":{},"_coverageSchema":"43e27e138ebf9cfc5966b082cf9a028302ed4184","hash":"c204598b273ffc3278f7c3bddf95addd55f2f646"}
,"/home/samcarlos/step-react-ads/client/src/Dashboard/PageComponents/QueryDashboard/QueryResults.js": {"path":"/home/samcarlos/step-react-ads/client/src/Dashboard/PageComponents/QueryDashboard/QueryResults.js","statementMap":{"0":{"start":{"line":10,"column":27},"end":{"line":10,"column":32}},"1":{"start":{"line":11,"column":2},"end":{"line":16,"column":4}},"2":{"start":{"line":20,"column":15},"end":{"line":20,"column":25}},"3":{"start":{"line":21,"column":17},"end":{"line":21,"column":29}},"4":{"start":{"line":22,"column":2},"end":{"line":22,"column":20}},"5":{"start":{"line":23,"column":2},"end":{"line":23,"column":22}},"6":{"start":{"line":24,"column":2},"end":{"line":43,"column":4}},"7":{"start":{"line":29,"column":12},"end":{"line":29,"column":60}},"8":{"start":{"line":35,"column":10},"end":{"line":39,"column":21}},"9":{"start":{"line":37,"column":14},"end":{"line":37,"column":57}}},"fnMap":{"0":{"name":"QueryResults","decl":{"start":{"line":9,"column":24},"end":{"line":9,"column":36}},"loc":{"start":{"line":9,"column":44},"end":{"line":17,"column":1}},"line":9},"1":{"name":"Results","decl":{"start":{"line":19,"column":9},"end":{"line":19,"column":16}},"loc":{"start":{"line":19,"column":24},"end":{"line":44,"column":1}},"line":19},"2":{"name":"(anonymous_2)","decl":{"start":{"line":28,"column":22},"end":{"line":28,"column":23}},"loc":{"start":{"line":29,"column":12},"end":{"line":29,"column":60}},"line":29},"3":{"name":"(anonymous_3)","decl":{"start":{"line":34,"column":18},"end":{"line":34,"column":19}},"loc":{"start":{"line":35,"column":10},"end":{"line":39,"column":21}},"line":35},"4":{"name":"(anonymous_4)","decl":{"start":{"line":36,"column":24},"end":{"line":36,"column":25}},"loc":{"start":{"line":37,"column":14},"end":{"line":37,"column":57}},"line":37}},"branchMap":{},"s":{"0":2,"1":2,"2":2,"3":2,"4":2,"5":2,"6":2,"7":5,"8":2,"9":5},"f":{"0":2,"1":2,"2":5,"3":2,"4":5},"b":{},"_coverageSchema":"43e27e138ebf9cfc5966b082cf9a028302ed4184","hash":"0155676a5c12346425475c157b1672090002d678"}
,"/home/samcarlos/step-react-ads/client/src/Dashboard/PageComponents/ReportsDashboard/Reports/CampaignData.js": {"path":"/home/samcarlos/step-react-ads/client/src/Dashboard/PageComponents/ReportsDashboard/Reports/CampaignData.js","statementMap":{"0":{"start":{"line":10,"column":18},"end":{"line":14,"column":3}},"1":{"start":{"line":10,"column":41},"end":{"line":14,"column":1}},"2":{"start":{"line":17,"column":18},"end":{"line":17,"column":29}},"3":{"start":{"line":18,"column":26},"end":{"line":18,"column":38}},"4":{"start":{"line":20,"column":2},"end":{"line":31,"column":9}},"5":{"start":{"line":21,"column":4},"end":{"line":30,"column":9}},"6":{"start":{"line":22,"column":23},"end":{"line":27,"column":7}},"7":{"start":{"line":28,"column":6},"end":{"line":28,"column":24}},"8":{"start":{"line":29,"column":6},"end":{"line":29,"column":29}},"9":{"start":{"line":32,"column":2},"end":{"line":58,"column":4}},"10":{"start":{"line":47,"column":12},"end":{"line":53,"column":23}}},"fnMap":{"0":{"name":"(anonymous_0)","decl":{"start":{"line":10,"column":29},"end":{"line":10,"column":30}},"loc":{"start":{"line":10,"column":41},"end":{"line":14,"column":1}},"line":10},"1":{"name":"CampaignData","decl":{"start":{"line":16,"column":24},"end":{"line":16,"column":36}},"loc":{"start":{"line":16,"column":39},"end":{"line":59,"column":1}},"line":16},"2":{"name":"(anonymous_2)","decl":{"start":{"line":20,"column":12},"end":{"line":20,"column":13}},"loc":{"start":{"line":20,"column":18},"end":{"line":31,"column":3}},"line":20},"3":{"name":"getData","decl":{"start":{"line":21,"column":20},"end":{"line":21,"column":27}},"loc":{"start":{"line":21,"column":30},"end":{"line":30,"column":5}},"line":21},"4":{"name":"(anonymous_4)","decl":{"start":{"line":46,"column":20},"end":{"line":46,"column":21}},"loc":{"start":{"line":47,"column":12},"end":{"line":53,"column":23}},"line":47}},"branchMap":{},"s":{"0":1,"1":1,"2":1,"3":1,"4":1,"5":0,"6":0,"7":0,"8":0,"9":1,"10":0},"f":{"0":1,"1":1,"2":0,"3":0,"4":0},"b":{},"_coverageSchema":"43e27e138ebf9cfc5966b082cf9a028302ed4184","hash":"cd370fd27f9e4b58a0fcd2b7acea7a72a841a061"}
,"/home/samcarlos/step-react-ads/client/src/Dashboard/Utilities/Styles.js": {"path":"/home/samcarlos/step-react-ads/client/src/Dashboard/Utilities/Styles.js","statementMap":{"0":{"start":{"line":1,"column":20},"end":{"line":1,"column":23}},"1":{"start":{"line":3,"column":23},"end":{"line":80,"column":2}},"2":{"start":{"line":3,"column":35},"end":{"line":80,"column":1}}},"fnMap":{"0":{"name":"(anonymous_0)","decl":{"start":{"line":3,"column":23},"end":{"line":3,"column":24}},"loc":{"start":{"line":3,"column":35},"end":{"line":80,"column":1}},"line":3}},"branchMap":{},"s":{"0":1,"1":1,"2":1},"f":{"0":1},"b":{},"_coverageSchema":"43e27e138ebf9cfc5966b082cf9a028302ed4184","hash":"3ba866273150da3ab5f72284ec9d99fe527e9df0"}
,"/home/samcarlos/step-react-ads/client/src/Dashboard/Utilities/Title.js": {"path":"/home/samcarlos/step-react-ads/client/src/Dashboard/Utilities/Title.js","statementMap":{"0":{"start":{"line":6,"column":2},"end":{"line":10,"column":4}},"1":{"start":{"line":13,"column":0},"end":{"line":15,"column":2}}},"fnMap":{"0":{"name":"Title","decl":{"start":{"line":5,"column":24},"end":{"line":5,"column":29}},"loc":{"start":{"line":5,"column":37},"end":{"line":11,"column":1}},"line":5}},"branchMap":{},"s":{"0":7,"1":5},"f":{"0":7},"b":{},"_coverageSchema":"43e27e138ebf9cfc5966b082cf9a028302ed4184","hash":"2fbb79e0d4158d93cff4a9692c653800b4cf65f4"}
}
