TN:
SF:/home/samcarlos/step-react-ads/client/src/setupTests.js
FNF:0
FNH:0
LF:0
LH:0
BRF:0
BRH:0
end_of_record
TN:
SF:/home/samcarlos/step-react-ads/client/src/Dashboard/Dashboard.js
FN:11,Dashboard
FNF:1
FNH:0
FNDA:0,Dashboard
DA:9,0
DA:12,0
DA:13,0
LF:3
LH:0
BRF:0
BRH:0
end_of_record
TN:
SF:/home/samcarlos/step-react-ads/client/src/Dashboard/AppBarWithDrawer/AppBarWithDrawer.js
FN:22,AppBarWithDrawer
FN:25,(anonymous_1)
FN:28,(anonymous_2)
FNF:3
FNH:0
FNDA:0,AppBarWithDrawer
FNDA:0,(anonymous_1)
FNDA:0,(anonymous_2)
DA:20,0
DA:23,0
DA:24,0
DA:25,0
DA:26,0
DA:28,0
DA:29,0
DA:31,0
LF:8
LH:0
BRDA:35,0,0,0
BRDA:35,0,1,0
BRDA:45,1,0,0
BRDA:45,1,1,0
BRDA:70,2,0,0
BRDA:70,2,1,0
BRF:6
BRH:0
end_of_record
TN:
SF:/home/samcarlos/step-react-ads/client/src/Dashboard/AppBarWithDrawer/DrawerItems.js
FN:8,(anonymous_0)
FN:17,(anonymous_1)
FNF:2
FNH:0
FNDA:0,(anonymous_0)
FNDA:0,(anonymous_1)
DA:8,0
DA:9,0
DA:17,0
DA:18,0
DA:21,0
LF:5
LH:0
BRF:0
BRH:0
end_of_record
TN:
SF:/home/samcarlos/step-react-ads/client/src/Dashboard/PageComponents/PageRouter.js
FN:5,(anonymous_0)
FN:13,(anonymous_1)
FN:17,(anonymous_2)
FNF:3
FNH:0
FNDA:0,(anonymous_0)
FNDA:0,(anonymous_1)
FNDA:0,(anonymous_2)
DA:5,0
DA:6,0
DA:13,0
DA:14,0
DA:17,0
DA:18,0
DA:19,0
LF:7
LH:0
BRF:0
BRH:0
end_of_record
TN:
SF:/home/samcarlos/step-react-ads/client/src/Dashboard/PageComponents/LoginDashboard/Accounts.js
FN:13,(anonymous_0)
FN:25,(anonymous_1)
FN:40,(anonymous_2)
FN:55,(anonymous_3)
FN:58,(anonymous_4)
FN:84,(anonymous_5)
FN:91,(anonymous_6)
FN:95,(anonymous_7)
FN:110,(anonymous_8)
FNF:9
FNH:0
FNDA:0,(anonymous_0)
FNDA:0,(anonymous_1)
FNDA:0,(anonymous_2)
FNDA:0,(anonymous_3)
FNDA:0,(anonymous_4)
FNDA:0,(anonymous_5)
FNDA:0,(anonymous_6)
FNDA:0,(anonymous_7)
FNDA:0,(anonymous_8)
DA:14,0
DA:15,0
DA:16,0
DA:17,0
DA:18,0
DA:26,0
DA:28,0
DA:29,0
DA:30,0
DA:31,0
DA:36,0
DA:41,0
DA:42,0
DA:43,0
DA:45,0
DA:51,0
DA:53,0
DA:56,0
DA:58,0
DA:76,0
DA:85,0
DA:86,0
DA:92,0
DA:96,0
DA:99,0
DA:100,0
DA:101,0
DA:102,0
DA:103,0
DA:107,0
DA:111,0
LF:31
LH:0
BRDA:30,0,0,0
BRDA:30,0,1,0
BRDA:43,1,0,0
BRDA:43,1,1,0
BRDA:43,1,2,0
BRDA:43,1,3,0
BRF:6
BRH:0
end_of_record
TN:
SF:/home/samcarlos/step-react-ads/client/src/Dashboard/PageComponents/LoginDashboard/Login.js
FN:14,(anonymous_0)
FN:20,(anonymous_1)
FN:29,(anonymous_2)
FN:33,(anonymous_3)
FN:37,(anonymous_4)
FN:47,LoginButton
FNF:6
FNH:0
FNDA:0,(anonymous_0)
FNDA:0,(anonymous_1)
FNDA:0,(anonymous_2)
FNDA:0,(anonymous_3)
FNDA:0,(anonymous_4)
FNDA:0,LoginButton
DA:7,0
DA:15,0
DA:16,0
DA:17,0
DA:21,0
DA:22,0
DA:24,0
DA:30,0
DA:34,0
DA:38,0
DA:48,0
DA:49,0
LF:12
LH:0
BRF:0
BRH:0
end_of_record
TN:
SF:/home/samcarlos/step-react-ads/client/src/Dashboard/PageComponents/LoginDashboard/LoginDashboard.js
FN:11,LoginDash
FNF:1
FNH:0
FNDA:0,LoginDash
DA:9,0
DA:12,0
DA:13,0
LF:3
LH:0
BRF:0
BRH:0
end_of_record
TN:
SF:/home/samcarlos/step-react-ads/client/src/Dashboard/PageComponents/LoginDashboard/Logout.js
FN:14,(anonymous_0)
FN:19,(anonymous_1)
FN:26,(anonymous_2)
FN:36,LogoutButton
FNF:4
FNH:0
FNDA:0,(anonymous_0)
FNDA:0,(anonymous_1)
FNDA:0,(anonymous_2)
FNDA:0,LogoutButton
DA:7,0
DA:15,0
DA:16,0
DA:20,0
DA:21,0
DA:22,0
DA:23,0
DA:27,0
DA:37,0
DA:38,0
LF:10
LH:0
BRF:0
BRH:0
end_of_record
TN:
SF:/home/samcarlos/step-react-ads/client/src/Dashboard/PageComponents/QueryDashboard/Queries.js
FN:10,(anonymous_0)
FN:17,addKey
FN:22,parseRows
FN:32,(anonymous_3)
FN:46,(anonymous_4)
FN:69,(anonymous_5)
FN:95,(anonymous_6)
FN:99,(anonymous_7)
FN:126,SubmitButton
FNF:9
FNH:8
FNDA:1,(anonymous_0)
FNDA:1,addKey
FNDA:1,parseRows
FNDA:3,(anonymous_3)
FNDA:2,(anonymous_4)
FNDA:7,(anonymous_5)
FNDA:0,(anonymous_6)
FNDA:7,(anonymous_7)
FNDA:1,SubmitButton
DA:10,2
DA:18,1
DA:19,1
DA:23,1
DA:25,1
DA:26,1
DA:28,1
DA:33,3
DA:34,3
DA:35,3
DA:36,3
DA:47,2
DA:48,2
DA:49,2
DA:50,2
DA:54,2
DA:55,1
DA:57,1
DA:64,1
DA:65,1
DA:70,7
DA:72,3
DA:74,2
DA:76,1
DA:84,1
DA:91,0
DA:96,0
DA:102,7
DA:127,1
DA:128,1
LF:30
LH:28
BRDA:54,0,0,1
BRDA:54,0,1,1
BRDA:70,1,0,3
BRDA:70,1,1,2
BRDA:70,1,2,1
BRDA:70,1,3,1
BRDA:70,1,4,0
BRF:7
BRH:6
end_of_record
TN:
SF:/home/samcarlos/step-react-ads/client/src/Dashboard/PageComponents/QueryDashboard/QueryAccount.js
FN:12,(anonymous_0)
FN:21,(anonymous_1)
FN:35,(anonymous_2)
FN:68,(anonymous_3)
FN:72,(anonymous_4)
FNF:5
FNH:3
FNDA:1,(anonymous_0)
FNDA:0,(anonymous_1)
FNDA:1,(anonymous_2)
FNDA:0,(anonymous_3)
FNDA:1,(anonymous_4)
DA:13,1
DA:14,1
DA:15,1
DA:22,0
DA:23,0
DA:24,0
DA:25,0
DA:26,0
DA:31,0
DA:36,1
DA:37,1
DA:39,1
DA:45,0
DA:47,0
DA:60,0
DA:69,0
DA:73,1
DA:74,1
DA:75,1
LF:19
LH:9
BRDA:25,0,0,0
BRDA:25,0,1,0
BRDA:37,1,0,1
BRDA:37,1,1,0
BRDA:37,1,2,0
BRDA:37,1,3,0
BRF:6
BRH:1
end_of_record
TN:
SF:/home/samcarlos/step-react-ads/client/src/Dashboard/PageComponents/QueryDashboard/QueryDashboard.js
FN:12,Queries
FNF:1
FNH:1
FNDA:1,Queries
DA:10,1
DA:13,1
DA:14,1
LF:3
LH:3
BRF:0
BRH:0
end_of_record
TN:
SF:/home/samcarlos/step-react-ads/client/src/Dashboard/PageComponents/QueryDashboard/QueryResults.js
FN:10,QueryResults
FN:15,(anonymous_1)
FN:19,(anonymous_2)
FN:42,Results
FN:56,(anonymous_4)
FN:64,(anonymous_5)
FN:66,(anonymous_6)
FNF:7
FNH:5
FNDA:2,QueryResults
FNDA:0,(anonymous_1)
FNDA:0,(anonymous_2)
FNDA:2,Results
FNDA:5,(anonymous_4)
FNDA:2,(anonymous_5)
FNDA:5,(anonymous_6)
DA:11,2
DA:12,2
DA:13,2
DA:15,2
DA:16,0
DA:19,2
DA:21,0
DA:22,0
DA:24,0
DA:25,0
DA:27,2
DA:43,2
DA:44,2
DA:45,2
DA:46,2
DA:47,2
DA:48,2
DA:51,2
DA:57,5
DA:65,2
DA:67,5
LF:21
LH:16
BRDA:21,0,0,0
BRDA:21,0,1,0
BRF:2
BRH:0
end_of_record
TN:
SF:/home/samcarlos/step-react-ads/client/src/Dashboard/PageComponents/ReportsDashboard/ReportsDashboard.js
FN:14,Reports
FNF:1
FNH:0
FNDA:0,Reports
DA:12,0
DA:15,0
DA:16,0
DA:17,0
LF:4
LH:0
BRF:0
BRH:0
end_of_record
TN:
SF:/home/samcarlos/step-react-ads/client/src/Dashboard/PageComponents/ReportsDashboard/Reports/CampaignData.js
FN:11,(anonymous_0)
FN:17,CampaignData
FN:22,(anonymous_2)
FN:23,(anonymous_3)
FN:46,(anonymous_4)
FN:63,(anonymous_5)
FNF:6
FNH:6
FNDA:1,(anonymous_0)
FNDA:6,CampaignData
FNDA:2,(anonymous_2)
FNDA:2,(anonymous_3)
FNDA:6,(anonymous_4)
FNDA:1,(anonymous_5)
DA:11,1
DA:18,6
DA:19,6
DA:20,6
DA:22,6
DA:23,2
DA:24,2
DA:25,2
DA:32,2
DA:33,1
DA:35,1
DA:36,1
DA:39,1
DA:40,1
DA:41,1
DA:46,6
DA:47,6
DA:49,4
DA:51,1
DA:64,1
DA:76,1
DA:82,0
DA:86,6
LF:23
LH:22
BRDA:32,0,0,1
BRDA:32,0,1,1
BRDA:47,1,0,4
BRDA:47,1,1,1
BRDA:47,1,2,1
BRDA:47,1,3,0
BRF:6
BRH:5
end_of_record
TN:
SF:/home/samcarlos/step-react-ads/client/src/Dashboard/PageComponents/ReportsDashboard/Reports/Chart.js
FN:16,Chart
FN:20,(anonymous_1)
FN:21,(anonymous_2)
FN:81,(anonymous_3)
FNF:4
FNH:4
FNDA:4,Chart
FNDA:2,(anonymous_1)
FNDA:2,(anonymous_2)
FNDA:4,(anonymous_3)
DA:17,4
DA:18,4
DA:19,4
DA:20,4
DA:21,2
DA:22,2
DA:24,2
DA:67,2
DA:68,0
DA:70,2
DA:71,2
DA:74,0
DA:75,0
DA:76,0
DA:81,4
DA:82,4
DA:84,2
DA:86,2
DA:120,0
DA:126,0
DA:130,4
LF:21
LH:15
BRDA:67,0,0,0
BRDA:67,0,1,2
BRDA:82,1,0,2
BRDA:82,1,1,2
BRDA:82,1,2,0
BRDA:82,1,3,0
BRF:6
BRH:3
end_of_record
TN:
SF:/home/samcarlos/step-react-ads/client/src/Dashboard/PageComponents/ReportsDashboard/Reports/ClicksPerCampaignChart.js
FN:17,ClicksPerCampaignChart
FN:22,(anonymous_1)
FN:24,(anonymous_2)
FN:49,(anonymous_3)
FNF:4
FNH:4
FNDA:6,ClicksPerCampaignChart
FNDA:2,(anonymous_1)
FNDA:2,(anonymous_2)
FNDA:6,(anonymous_3)
DA:18,6
DA:19,6
DA:20,6
DA:22,6
DA:24,2
DA:25,2
DA:26,2
DA:27,2
DA:35,2
DA:36,1
DA:38,1
DA:39,1
DA:42,1
DA:43,1
DA:44,1
DA:49,6
DA:50,6
DA:52,4
DA:54,1
DA:78,1
DA:84,0
DA:87,6
LF:22
LH:21
BRDA:35,0,0,1
BRDA:35,0,1,1
BRDA:50,1,0,4
BRDA:50,1,1,1
BRDA:50,1,2,1
BRDA:50,1,3,0
BRF:6
BRH:5
end_of_record
TN:
SF:/home/samcarlos/step-react-ads/client/src/Dashboard/PageComponents/ReportsDashboard/Reports/Deposits.js
FN:7,preventDefault
FN:17,Deposits
FNF:2
FNH:1
FNDA:0,preventDefault
FNDA:1,Deposits
DA:8,0
DA:11,1
DA:18,1
DA:19,1
LF:4
LH:3
BRF:0
BRH:0
end_of_record
TN:
SF:/home/samcarlos/step-react-ads/client/src/Dashboard/Utilities/Constants.js
FNF:0
FNH:0
DA:9,0
DA:10,0
LF:2
LH:0
BRF:0
BRH:0
end_of_record
TN:
SF:/home/samcarlos/step-react-ads/client/src/Dashboard/Utilities/Styles.js
FN:3,(anonymous_0)
FNF:1
FNH:1
FNDA:1,(anonymous_0)
DA:1,1
DA:3,1
LF:2
LH:2
BRF:0
BRH:0
end_of_record
TN:
SF:/home/samcarlos/step-react-ads/client/src/Dashboard/Utilities/Title.js
FN:5,Title
FNF:1
FNH:1
FNDA:36,Title
DA:6,36
DA:13,8
LF:2
LH:2
BRF:0
BRH:0
end_of_record
