TN:
SF:/home/samcarlos/step-react-ads/client/src/Dashboard/PageComponents/QueryDashboard/Queries.js
FN:9,(anonymous_0)
FN:16,addKey
FN:21,parseRows
FN:32,(anonymous_3)
FN:45,(anonymous_4)
FN:68,(anonymous_5)
FN:90,(anonymous_6)
FN:94,(anonymous_7)
FN:123,SubmitButton
FNF:9
FNH:8
FNDA:1,(anonymous_0)
FNDA:1,addKey
FNDA:1,parseRows
FNDA:3,(anonymous_3)
FNDA:2,(anonymous_4)
FNDA:7,(anonymous_5)
FNDA:0,(anonymous_6)
FNDA:7,(anonymous_7)
FNDA:1,SubmitButton
DA:9,2
DA:17,1
DA:18,1
DA:22,1
DA:24,1
DA:25,1
DA:27,1
DA:28,1
DA:33,3
DA:34,3
DA:35,3
DA:36,3
DA:46,2
DA:47,2
DA:48,2
DA:49,2
DA:53,2
DA:54,1
DA:56,1
DA:63,1
DA:64,1
DA:69,7
DA:71,3
DA:73,2
DA:75,1
DA:79,1
DA:86,0
DA:91,0
DA:97,7
DA:124,1
DA:125,1
LF:31
LH:29
BRDA:53,0,0,1
BRDA:53,0,1,1
BRDA:69,1,0,3
BRDA:69,1,1,2
BRDA:69,1,2,1
BRDA:69,1,3,1
BRDA:69,1,4,0
BRF:7
BRH:6
end_of_record
TN:
SF:/home/samcarlos/step-react-ads/client/src/Dashboard/PageComponents/QueryDashboard/QueryDashboard.js
FN:11,Queries
FNF:1
FNH:1
FNDA:1,Queries
DA:9,1
DA:12,1
DA:13,1
LF:3
LH:3
BRF:0
BRH:0
end_of_record
TN:
SF:/home/samcarlos/step-react-ads/client/src/Dashboard/PageComponents/QueryDashboard/QueryResults.js
FN:9,QueryResults
FN:19,Results
FN:28,(anonymous_2)
FN:34,(anonymous_3)
FN:36,(anonymous_4)
FNF:5
FNH:5
FNDA:2,QueryResults
FNDA:2,Results
FNDA:5,(anonymous_2)
FNDA:2,(anonymous_3)
FNDA:5,(anonymous_4)
DA:10,2
DA:11,2
DA:20,2
DA:21,2
DA:22,2
DA:23,2
DA:24,2
DA:29,5
DA:35,2
DA:37,5
LF:10
LH:10
BRF:0
BRH:0
end_of_record
TN:
SF:/home/samcarlos/step-react-ads/client/src/Dashboard/PageComponents/ReportsDashboard/Reports/CampaignData.js
FN:10,(anonymous_0)
FN:16,CampaignData
FN:20,(anonymous_2)
FN:21,getData
FN:46,(anonymous_4)
FNF:5
FNH:2
FNDA:1,(anonymous_0)
FNDA:1,CampaignData
FNDA:0,(anonymous_2)
FNDA:0,getData
FNDA:0,(anonymous_4)
DA:10,1
DA:17,1
DA:18,1
DA:20,1
DA:21,0
DA:22,0
DA:28,0
DA:29,0
DA:32,1
DA:47,0
LF:10
LH:5
BRF:0
BRH:0
end_of_record
TN:
SF:/home/samcarlos/step-react-ads/client/src/Dashboard/Utilities/Styles.js
FN:3,(anonymous_0)
FNF:1
FNH:1
FNDA:1,(anonymous_0)
DA:1,1
DA:3,1
LF:2
LH:2
BRF:0
BRH:0
end_of_record
TN:
SF:/home/samcarlos/step-react-ads/client/src/Dashboard/Utilities/Title.js
FN:5,Title
FNF:1
FNH:1
FNDA:7,Title
DA:6,7
DA:13,5
LF:2
LH:2
BRF:0
BRH:0
end_of_record
